<?xml version="1.0" encoding="UTF-8"?>
<!-- Generated by org.testng.reporters.JUnitReportReporter -->
<testsuite skipped="0" hostname="PET-11493-WL" name="com.kannu.funny.LoginTestNG" tests="1" failures="0" timestamp="06 Jan 2019 22:47:08 GMT" time="0.015" errors="0">
  <testcase name="testLoginPage" time="0.015" classname="com.kannu.funny.LoginTestNG"/>
</testsuite> <!-- com.kannu.funny.LoginTestNG -->
